<?xml version="1.0" encoding="UTF-8"?>
<!-- Generated by org.testng.reporters.JUnitReportReporter -->
<testsuite skipped="0" hostname="DESKTOP-33MCDGD" name="maven.Bartek.projektMavenBartek.InteriaStronaGlowna" tests="1" failures="0" timestamp="27 kwi 2020 21:38:30 GMT" time="22.924" errors="0">
  <testcase name="testuj" time="22.924" classname="maven.Bartek.projektMavenBartek.InteriaStronaGlowna"/>
</testsuite> <!-- maven.Bartek.projektMavenBartek.InteriaStronaGlowna -->
