<?xml version="1.0" encoding="UTF-8"?>
<!-- Generated by org.testng.reporters.JUnitReportReporter -->
<testsuite skipped="0" hostname="DESKTOP-33MCDGD" name="maven.Bartek.projektMavenBartek.InteriaStronaGlowna" tests="1" failures="0" timestamp="01 maj 2020 20:33:30 GMT" time="43.464" errors="0">
  <testcase name="testuj" time="43.464" classname="maven.Bartek.projektMavenBartek.InteriaStronaGlowna"/>
</testsuite> <!-- maven.Bartek.projektMavenBartek.InteriaStronaGlowna -->
